\BOOKMARK [1][-]{section.1}{\376\377\000I\000n\000t\000r\000o\000d\000u\000c\000t\000i\000o\000n}{}% 1
\BOOKMARK [1][-]{section.2}{\376\377\000A\000n\000a\000l\000y\000s\000e\000\040\000d\000u\000\040\000p\000r\000o\000b\000l\000\350\000m\000e}{}% 2
\BOOKMARK [2][-]{subsection.2.1}{\376\377\000D\000\351\000f\000i\000n\000i\000t\000i\000o\000n\000\040\000e\000x\000a\000c\000t\000e\000\040\000d\000u\000\040\000p\000r\000o\000b\000l\000\350\000m\000e}{section.2}% 3
\BOOKMARK [2][-]{subsection.2.2}{\376\377\000B\000u\000t\000s\000\040\000d\000u\000\040\000p\000r\000o\000j\000e\000t}{section.2}% 4
\BOOKMARK [2][-]{subsection.2.3}{\376\377\000D\000o\000m\000a\000i\000n\000e\000s\000\040\000d\000'\000u\000t\000i\000l\000i\000s\000a\000t\000i\000o\000n}{section.2}% 5
\BOOKMARK [2][-]{subsection.2.4}{\376\377\000L\000i\000m\000i\000t\000e\000s\000\040\000a\000c\000t\000u\000e\000l\000l\000e\000s\000\040\000d\000u\000\040\000p\000r\000o\000j\000e\000t}{section.2}% 6
\BOOKMARK [1][-]{section.3}{\376\377\000D\000e\000s\000c\000r\000i\000p\000t\000i\000o\000n\000\040\000d\000e\000s\000\040\000c\000l\000a\000s\000s\000e\000s}{}% 7
\BOOKMARK [2][-]{subsection.3.1}{\376\377\000G\000a\000m\000e\000C\000o\000n\000f\000i\000g\000\040\000\050\000c\000o\000n\000f\000i\000g\000.\000p\000y\000\051}{section.3}% 8
\BOOKMARK [2][-]{subsection.3.2}{\376\377\000K\000i\000n\000g\000d\000o\000m\000\040\000\050\000w\000o\000r\000l\000d\000/\000k\000i\000n\000g\000d\000o\000m\000.\000p\000y\000\051}{section.3}% 9
\BOOKMARK [2][-]{subsection.3.3}{\376\377\000T\000u\000r\000n\000P\000h\000a\000s\000e\000\040\000\050\000c\000o\000r\000e\000/\000g\000a\000m\000e\000\137\000s\000t\000a\000t\000e\000.\000p\000y\000\051}{section.3}% 10
\BOOKMARK [2][-]{subsection.3.4}{\376\377\000G\000a\000m\000e\000S\000t\000a\000t\000e\000\040\000\050\000c\000o\000r\000e\000/\000g\000a\000m\000e\000\137\000s\000t\000a\000t\000e\000.\000p\000y\000\051}{section.3}% 11
\BOOKMARK [2][-]{subsection.3.5}{\376\377\000G\000a\000m\000e\000E\000n\000g\000i\000n\000e\000\040\000\050\000c\000o\000r\000e\000/\000g\000a\000m\000e\000\137\000e\000n\000g\000i\000n\000e\000.\000p\000y\000\051}{section.3}% 12
\BOOKMARK [2][-]{subsection.3.6}{\376\377\000B\000a\000s\000e\000A\000I\000\040\000\050\000c\000o\000r\000e\000/\000a\000i\000/\000b\000a\000s\000e\000\137\000a\000i\000.\000p\000y\000\051}{section.3}% 13
\BOOKMARK [2][-]{subsection.3.7}{\376\377\000U\000n\000i\000t\000\040\000e\000t\000\040\000s\000o\000u\000s\000-\000c\000l\000a\000s\000s\000e\000s\000\040\000\050\000w\000o\000r\000l\000d\000/\000u\000n\000i\000t\000.\000p\000y\000\051}{section.3}% 14
\BOOKMARK [2][-]{subsection.3.8}{\376\377\000U\000n\000i\000t\000S\000e\000l\000e\000c\000t\000o\000r\000\040\000\050\000w\000o\000r\000l\000d\000/\000s\000e\000l\000e\000c\000t\000o\000r\000.\000p\000y\000\051}{section.3}% 15
\BOOKMARK [2][-]{subsection.3.9}{\376\377\000C\000i\000t\000y\000\040\000\050\000w\000o\000r\000l\000d\000/\000c\000i\000t\000y\000.\000p\000y\000\051}{section.3}% 16
\BOOKMARK [2][-]{subsection.3.10}{\376\377\000C\000o\000n\000s\000t\000r\000u\000c\000t\000i\000o\000n\000\040\000e\000t\000\040\000s\000o\000u\000s\000-\000c\000l\000a\000s\000s\000e\000s\000\040\000\050\000w\000o\000r\000l\000d\000/\000c\000o\000n\000s\000t\000r\000u\000c\000t\000i\000o\000n\000.\000p\000y\000\051}{section.3}% 17
\BOOKMARK [2][-]{subsection.3.11}{\376\377\000M\000a\000p\000\040\000\050\000w\000o\000r\000l\000d\000/\000m\000a\000p\000.\000p\000y\000\051}{section.3}% 18
\BOOKMARK [2][-]{subsection.3.12}{\376\377\000T\000i\000l\000e\000\040\000\050\000w\000o\000r\000l\000d\000/\000t\000i\000l\000e\000.\000p\000y\000\051}{section.3}% 19
\BOOKMARK [2][-]{subsection.3.13}{\376\377\000S\000y\000s\000t\000\350\000m\000e\000s\000\040\000d\000e\000\040\000j\000e\000u}{section.3}% 20
\BOOKMARK [3][-]{subsubsection.3.13.1}{\376\377\000M\000o\000v\000e\000m\000e\000n\000t\000\040\000\050\000c\000o\000r\000e\000/\000s\000y\000s\000t\000e\000m\000s\000/\000m\000o\000v\000e\000m\000e\000n\000t\000.\000p\000y\000\051}{subsection.3.13}% 21
\BOOKMARK [3][-]{subsubsection.3.13.2}{\376\377\000C\000o\000m\000b\000a\000t\000\040\000\050\000c\000o\000r\000e\000/\000s\000y\000s\000t\000e\000m\000s\000/\000c\000o\000m\000b\000a\000t\000.\000p\000y\000\051}{subsection.3.13}% 22
\BOOKMARK [3][-]{subsubsection.3.13.3}{\376\377\000E\000c\000o\000n\000o\000m\000y\000\040\000\050\000c\000o\000r\000e\000/\000s\000y\000s\000t\000e\000m\000s\000/\000e\000c\000o\000n\000o\000m\000y\000.\000p\000y\000\051}{subsection.3.13}% 23
\BOOKMARK [3][-]{subsubsection.3.13.4}{\376\377\000V\000i\000s\000i\000b\000i\000l\000i\000t\000y\000\040\000\050\000c\000o\000r\000e\000/\000s\000y\000s\000t\000e\000m\000s\000/\000v\000i\000s\000i\000b\000i\000l\000i\000t\000y\000.\000p\000y\000\051}{subsection.3.13}% 24
\BOOKMARK [2][-]{subsection.3.14}{\376\377\000I\000n\000t\000e\000r\000f\000a\000c\000e\000\040\000u\000t\000i\000l\000i\000s\000a\000t\000e\000u\000r}{section.3}% 25
\BOOKMARK [3][-]{subsubsection.3.14.1}{\376\377\000M\000e\000n\000u\000\040\000c\000o\000n\000t\000e\000x\000t\000u\000e\000l\000\040\000m\000u\000l\000t\000i\000-\000c\000a\000t\000\351\000g\000o\000r\000i\000e\000s}{subsection.3.14}% 26
\BOOKMARK [1][-]{section.4}{\376\377\000D\000e\000s\000c\000r\000i\000p\000t\000i\000o\000n\000\040\000d\000e\000s\000\040\000m\000\351\000t\000h\000o\000d\000e\000s\000\040\000i\000m\000p\000o\000r\000t\000a\000n\000t\000e\000s}{}% 27
\BOOKMARK [2][-]{subsection.4.1}{\376\377\000G\000\351\000n\000\351\000r\000a\000t\000i\000o\000n\000\040\000d\000e\000\040\000l\000a\000\040\000c\000a\000r\000t\000e\000\040\000:\000\040\000M\000a\000p\000\040\000\050\000w\000o\000r\000l\000d\000/\000m\000a\000p\000.\000p\000y\000\051}{section.4}% 28
\BOOKMARK [3][-]{subsubsection.4.1.1}{\376\377\000\311\000t\000a\000p\000e\000\040\0001\000\040\000:\000\040\000\311\000c\000h\000a\000n\000t\000i\000l\000l\000o\000n\000n\000a\000g\000e\000\040\000d\000e\000\040\000P\000o\000i\000s\000s\000o\000n}{subsection.4.1}% 29
\BOOKMARK [3][-]{subsubsection.4.1.2}{\376\377\000\311\000t\000a\000p\000e\000s\000\040\0002\000\040\000e\000t\000\040\0003\000\040\000:\000\040\000A\000t\000t\000r\000i\000b\000u\000t\000i\000o\000n\000\040\000d\000e\000s\000\040\000b\000i\000o\000m\000e\000s\000\040\000e\000t\000\040\000p\000a\000r\000t\000i\000t\000i\000o\000n\000\040\000d\000e\000\040\000V\000o\000r\000o\000n\000o\000\357}{subsection.4.1}% 30
\BOOKMARK [3][-]{subsubsection.4.1.3}{\376\377\000\311\000t\000a\000p\000e\000s\000\040\0004\000\040\000e\000t\000\040\0005\000\040\000:\000\040\000N\000e\000t\000t\000o\000y\000a\000g\000e\000\040\000m\000o\000r\000p\000h\000o\000l\000o\000g\000i\000q\000u\000e}{subsection.4.1}% 31
\BOOKMARK [3][-]{subsubsection.4.1.4}{\376\377\000\311\000t\000a\000p\000e\000s\000\040\0005\000\040\000e\000t\000\040\0006\000\040\000:\000\040\000T\000r\000a\000i\000t\000e\000m\000e\000n\000t\000\040\000d\000e\000s\000\040\000z\000o\000n\000e\000s\000\040\000d\000'\000e\000a\000u}{subsection.4.1}% 32
\BOOKMARK [3][-]{subsubsection.4.1.5}{\376\377\000\311\000t\000a\000p\000e\000\040\0007\000\040\000:\000\040\000G\000r\000a\000p\000h\000e\000\040\000d\000e\000\040\000v\000o\000i\000s\000i\000n\000a\000g\000e\000\040\000e\000t\000\040\000v\000a\000l\000i\000d\000a\000t\000i\000o\000n}{subsection.4.1}% 33
\BOOKMARK [2][-]{subsection.4.2}{\376\377\000D\000i\000j\000k\000s\000t\000r\000a\000\040\000:\000\040\000M\000o\000v\000e\000m\000e\000n\000t\000.\000d\000i\000j\000k\000s\000t\000r\000a\000\137\000r\000e\000a\000c\000h\000a\000b\000l\000e}{section.4}% 34
\BOOKMARK [2][-]{subsection.4.3}{\376\377\000R\000\351\000s\000o\000l\000u\000t\000i\000o\000n\000\040\000d\000u\000\040\000c\000o\000m\000b\000a\000t\000\040\000:\000\040\000C\000o\000m\000b\000a\000t\000.\000c\000o\000m\000p\000u\000t\000e\000\137\000d\000a\000m\000a\000g\000e}{section.4}% 35
\BOOKMARK [2][-]{subsection.4.4}{\376\377\000E\000x\000p\000a\000n\000s\000i\000o\000n\000\040\000d\000e\000s\000\040\000v\000i\000l\000l\000e\000s\000\040\000:\000\040\000C\000i\000t\000y\000.\000e\000x\000p\000e\000n\000d\000\137\000t\000e\000r\000r\000i\000t\000o\000r\000y}{section.4}% 36
\BOOKMARK [2][-]{subsection.4.5}{\376\377\000C\000y\000c\000l\000e\000\040\000d\000e\000\040\000t\000o\000u\000r\000\040\000:\000\040\000G\000a\000m\000e\000E\000n\000g\000i\000n\000e\000.\000e\000n\000d\000\137\000t\000u\000r\000n}{section.4}% 37
\BOOKMARK [2][-]{subsection.4.6}{\376\377\000F\000o\000n\000d\000a\000t\000i\000o\000n\000\040\000d\000'\000u\000n\000e\000\040\000v\000i\000l\000l\000e\000\040\000:\000\040\000G\000a\000m\000e\000E\000n\000g\000i\000n\000e\000.\000f\000o\000u\000n\000d\000\137\000c\000i\000t\000y}{section.4}% 38
\BOOKMARK [2][-]{subsection.4.7}{\376\377\000P\000l\000a\000c\000e\000m\000e\000n\000t\000\040\000i\000n\000i\000t\000i\000a\000l\000\040\000:\000\040\000G\000a\000m\000e\000E\000n\000g\000i\000n\000e\000.\000s\000e\000t\000u\000p\000\137\000s\000t\000a\000r\000t\000\137\000u\000n\000i\000t\000s}{section.4}% 39
\BOOKMARK [2][-]{subsection.4.8}{\376\377\000B\000r\000u\000i\000t\000\040\000d\000e\000\040\000P\000e\000r\000l\000i\000n\000\040\000:\000\040\000u\000t\000i\000l\000s\000/\000n\000o\000i\000s\000e\000.\000p\000y}{section.4}% 40
\BOOKMARK [1][-]{section.5}{\376\377\000D\000e\000s\000c\000r\000i\000p\000t\000i\000o\000n\000\040\000d\000e\000s\000\040\000t\000e\000s\000t\000s\000\040\000e\000t\000\040\000d\000e\000s\000\040\000r\000\351\000s\000u\000l\000t\000a\000t\000s}{}% 41
\BOOKMARK [2][-]{subsection.5.1}{\376\377\000S\000t\000r\000a\000t\000\351\000g\000i\000e\000\040\000d\000e\000\040\000t\000e\000s\000t}{section.5}% 42
\BOOKMARK [3][-]{subsubsection.5.1.1}{\376\377\000T\000e\000s\000t\000s\000\040\000m\000a\000n\000u\000e\000l\000s\000\040\000e\000n\000\040\000j\000e\000u}{subsection.5.1}% 43
\BOOKMARK [3][-]{subsubsection.5.1.2}{\376\377\000T\000e\000s\000t\000s\000\040\000d\000e\000\040\000g\000\351\000n\000\351\000r\000a\000t\000i\000o\000n\000\040\000d\000e\000\040\000c\000a\000r\000t\000e}{subsection.5.1}% 44
\BOOKMARK [3][-]{subsubsection.5.1.3}{\376\377\000T\000e\000s\000t\000s\000\040\000h\000\351\000r\000i\000t\000\351\000s\000\040\000\050\000l\000e\000g\000a\000c\000y\000\051}{subsection.5.1}% 45
\BOOKMARK [2][-]{subsection.5.2}{\376\377\000R\000\351\000s\000u\000l\000t\000a\000t\000s\000\040\000o\000b\000t\000e\000n\000u\000s}{section.5}% 46
\BOOKMARK [3][-]{subsubsection.5.2.1}{\376\377\000G\000\351\000n\000\351\000r\000a\000t\000i\000o\000n\000\040\000d\000e\000\040\000c\000a\000r\000t\000e}{subsection.5.2}% 47
\BOOKMARK [3][-]{subsubsection.5.2.2}{\376\377\000M\000\351\000c\000a\000n\000i\000q\000u\000e\000s\000\040\000d\000e\000\040\000j\000e\000u}{subsection.5.2}% 48
\BOOKMARK [3][-]{subsubsection.5.2.3}{\376\377\000I\000n\000t\000e\000r\000f\000a\000c\000e\000\040\000g\000r\000a\000p\000h\000i\000q\000u\000e}{subsection.5.2}% 49
\BOOKMARK [2][-]{subsection.5.3}{\376\377\000L\000i\000m\000i\000t\000e\000s\000\040\000e\000t\000\040\000p\000e\000r\000s\000p\000e\000c\000t\000i\000v\000e\000s}{section.5}% 50
\BOOKMARK [1][-]{section.6}{\376\377\000C\000o\000n\000c\000l\000u\000s\000i\000o\000n}{}% 51
\BOOKMARK [1][-]{section.6}{\376\377\000A\000n\000n\000e\000x\000e\000s}{}% 52
\BOOKMARK [2][-]{section*.10}{\376\377\000A\000\040\040\023\000\040\000A\000r\000b\000r\000e\000\040\000d\000e\000s\000\040\000f\000i\000c\000h\000i\000e\000r\000s\000\040\000d\000u\000\040\000p\000r\000o\000j\000e\000t}{section.6}% 53
\BOOKMARK [2][-]{lstnumber.-2.31}{\376\377\000B\000\040\040\023\000\040\000F\000i\000c\000h\000i\000e\000r\000\040\000c\000o\000n\000f\000i\000g\000.\000p\000y\000\040\000c\000o\000m\000p\000l\000e\000t}{section.6}% 54
\BOOKMARK [2][-]{lstnumber.4.47}{\376\377\000C\000\040\040\023\000\040\000B\000i\000o\000m\000e\000s\000,\000\040\000c\000o\000\373\000t\000s\000\040\000e\000t\000\040\000m\000o\000d\000i\000f\000i\000c\000a\000t\000e\000u\000r\000s}{section.6}% 55
\BOOKMARK [2][-]{table.caption.12}{\376\377\000D\000\040\040\023\000\040\000R\000e\000s\000s\000o\000u\000r\000c\000e\000s\000,\000\040\000c\000o\000n\000s\000t\000r\000u\000c\000t\000i\000o\000n\000s\000\040\000e\000t\000\040\000p\000r\000o\000d\000u\000c\000t\000i\000o\000n\000s}{section.6}% 56
\BOOKMARK [2][-]{table.caption.14}{\376\377\000E\000\040\040\023\000\040\000A\000l\000g\000o\000r\000i\000t\000h\000m\000e\000\040\000d\000e\000\040\000b\000r\000u\000i\000t\000\040\000d\000e\000\040\000P\000e\000r\000l\000i\000n}{section.6}% 57
\BOOKMARK [2][-]{lstnumber.5.7}{\376\377\000F\000\040\040\023\000\040\000C\000a\000p\000t\000u\000r\000e\000s\000\040\000d\000'\000\351\000c\000r\000a\000n\000\040\000a\000n\000n\000o\000t\000\351\000e\000s}{section.6}% 58
